[0617/171830.023:ERROR:process_reader_win.cc(123)] NtOpenThread: {Access Denied} A process has requested access to an object, but has not been granted those access rights. (0xc0000022)
[0617/171830.028:ERROR:exception_snapshot_win.cc(98)] thread ID 1384 not found in process
[0620/021443.905:ERROR:process_reader_win.cc(123)] NtOpenThread: {Access Denied} A process has requested access to an object, but has not been granted those access rights. (0xc0000022)
[0620/021443.908:ERROR:exception_snapshot_win.cc(98)] thread ID 28884 not found in process
[0622/022129.307:ERROR:process_reader_win.cc(123)] NtOpenThread: {Access Denied} A process has requested access to an object, but has not been granted those access rights. (0xc0000022)
[0622/022129.313:ERROR:exception_snapshot_win.cc(98)] thread ID 23356 not found in process
[0709/013523.072:ERROR:process_reader_win.cc(151)] SuspendThread: Access is denied. (0x5)
[0709/013523.082:ERROR:process_reader_win.cc(151)] SuspendThread: Access is denied. (0x5)
[0709/013523.082:ERROR:process_reader_win.cc(151)] SuspendThread: Access is denied. (0x5)
[0709/013523.082:ERROR:process_reader_win.cc(123)] NtOpenThread: {Access Denied} A process has requested access to an object, but has not been granted those access rights. (0xc0000022)
[0709/013523.084:ERROR:exception_snapshot_win.cc(98)] thread ID 17740 not found in process
[0709/013523.157:ERROR:process_reader_win.cc(151)] SuspendThread: Access is denied. (0x5)
[0709/013523.159:ERROR:process_reader_win.cc(151)] SuspendThread: Access is denied. (0x5)
[0709/013523.159:ERROR:process_reader_win.cc(123)] NtOpenThread: {Access Denied} A process has requested access to an object, but has not been granted those access rights. (0xc0000022)
[0709/013523.159:ERROR:exception_snapshot_win.cc(98)] thread ID 21008 not found in process
[0709/144420.748:ERROR:process_reader_win.cc(123)] NtOpenThread: {Access Denied} A process has requested access to an object, but has not been granted those access rights. (0xc0000022)
[0709/144420.754:ERROR:exception_snapshot_win.cc(98)] thread ID 26528 not found in process
[0711/092405.111:ERROR:process_reader_win.cc(151)] SuspendThread: Access is denied. (0x5)
[0711/092405.139:ERROR:process_reader_win.cc(151)] SuspendThread: Access is denied. (0x5)
[0711/092405.140:ERROR:process_reader_win.cc(151)] SuspendThread: Access is denied. (0x5)
[0711/092405.140:ERROR:process_reader_win.cc(151)] SuspendThread: Access is denied. (0x5)
[0711/092405.140:ERROR:process_reader_win.cc(123)] NtOpenThread: {Access Denied} A process has requested access to an object, but has not been granted those access rights. (0xc0000022)
[0711/092405.152:ERROR:exception_snapshot_win.cc(98)] thread ID 5948 not found in process
[0711/092917.281:ERROR:process_reader_win.cc(151)] SuspendThread: Access is denied. (0x5)
[0711/092917.291:ERROR:process_reader_win.cc(151)] SuspendThread: Access is denied. (0x5)
[0711/092917.292:ERROR:process_reader_win.cc(151)] SuspendThread: Access is denied. (0x5)
[0711/092917.292:ERROR:process_reader_win.cc(123)] NtOpenThread: {Access Denied} A process has requested access to an object, but has not been granted those access rights. (0xc0000022)
[0711/092917.293:ERROR:exception_snapshot_win.cc(98)] thread ID 5724 not found in process
[0711/092917.345:ERROR:process_reader_win.cc(151)] SuspendThread: Access is denied. (0x5)
[0711/092917.346:ERROR:process_reader_win.cc(151)] SuspendThread: Access is denied. (0x5)
[0711/092917.346:ERROR:process_reader_win.cc(151)] SuspendThread: Access is denied. (0x5)
[0711/092917.346:ERROR:process_reader_win.cc(123)] NtOpenThread: {Access Denied} A process has requested access to an object, but has not been granted those access rights. (0xc0000022)
[0711/092917.346:ERROR:exception_snapshot_win.cc(98)] thread ID 7088 not found in process
[0711/145341.410:ERROR:process_reader_win.cc(151)] SuspendThread: Access is denied. (0x5)
[0711/145341.423:ERROR:process_reader_win.cc(151)] SuspendThread: Access is denied. (0x5)
[0711/145341.423:ERROR:process_reader_win.cc(151)] SuspendThread: Access is denied. (0x5)
[0711/145341.424:ERROR:process_reader_win.cc(151)] SuspendThread: Access is denied. (0x5)
[0711/145341.424:ERROR:process_reader_win.cc(123)] NtOpenThread: {Access Denied} A process has requested access to an object, but has not been granted those access rights. (0xc0000022)
[0711/145341.429:ERROR:exception_snapshot_win.cc(98)] thread ID 11476 not found in process
[0711/145341.969:ERROR:process_reader_win.cc(151)] SuspendThread: Access is denied. (0x5)
[0711/145341.976:ERROR:process_reader_win.cc(151)] SuspendThread: Access is denied. (0x5)
[0711/145341.976:ERROR:process_reader_win.cc(151)] SuspendThread: Access is denied. (0x5)
[0711/145341.976:ERROR:process_reader_win.cc(151)] SuspendThread: Access is denied. (0x5)
[0711/145341.976:ERROR:process_reader_win.cc(123)] NtOpenThread: {Access Denied} A process has requested access to an object, but has not been granted those access rights. (0xc0000022)
[0711/145341.977:ERROR:exception_snapshot_win.cc(98)] thread ID 5416 not found in process
[0711/145342.340:ERROR:process_reader_win.cc(151)] SuspendThread: Access is denied. (0x5)
[0711/145342.343:ERROR:process_reader_win.cc(151)] SuspendThread: Access is denied. (0x5)
[0711/145342.343:ERROR:process_reader_win.cc(151)] SuspendThread: Access is denied. (0x5)
[0711/145342.343:ERROR:process_reader_win.cc(151)] SuspendThread: Access is denied. (0x5)
[0711/145342.343:ERROR:process_reader_win.cc(123)] NtOpenThread: {Access Denied} A process has requested access to an object, but has not been granted those access rights. (0xc0000022)
[0711/145342.344:ERROR:exception_snapshot_win.cc(98)] thread ID 15468 not found in process
[0711/154918.938:ERROR:process_reader_win.cc(151)] SuspendThread: Access is denied. (0x5)
[0711/154919.067:ERROR:process_reader_win.cc(151)] SuspendThread: Access is denied. (0x5)
[0711/154919.067:ERROR:process_reader_win.cc(151)] SuspendThread: Access is denied. (0x5)
[0711/154919.067:ERROR:process_reader_win.cc(151)] SuspendThread: Access is denied. (0x5)
[0711/154919.067:ERROR:process_reader_win.cc(123)] NtOpenThread: {Access Denied} A process has requested access to an object, but has not been granted those access rights. (0xc0000022)
[0711/154919.069:ERROR:exception_snapshot_win.cc(98)] thread ID 13324 not found in process
[0711/154919.021:ERROR:process_reader_win.cc(151)] SuspendThread: Access is denied. (0x5)
[0711/154919.088:ERROR:process_reader_win.cc(151)] SuspendThread: Access is denied. (0x5)
[0711/154919.088:ERROR:process_reader_win.cc(151)] SuspendThread: Access is denied. (0x5)
[0711/154919.088:ERROR:process_reader_win.cc(151)] SuspendThread: Access is denied. (0x5)
[0711/154919.088:ERROR:process_reader_win.cc(123)] NtOpenThread: {Access Denied} A process has requested access to an object, but has not been granted those access rights. (0xc0000022)
[0711/154919.088:ERROR:exception_snapshot_win.cc(98)] thread ID 14080 not found in process
[0711/154919.013:ERROR:process_reader_win.cc(151)] SuspendThread: Access is denied. (0x5)
[0711/154919.088:ERROR:process_reader_win.cc(151)] SuspendThread: Access is denied. (0x5)
[0711/154919.088:ERROR:process_reader_win.cc(151)] SuspendThread: Access is denied. (0x5)
[0711/154919.088:ERROR:process_reader_win.cc(151)] SuspendThread: Access is denied. (0x5)
[0711/154919.089:ERROR:process_reader_win.cc(123)] NtOpenThread: {Access Denied} A process has requested access to an object, but has not been granted those access rights. (0xc0000022)
[0711/154919.089:ERROR:exception_snapshot_win.cc(98)] thread ID 22592 not found in process
[0711/154919.003:ERROR:process_reader_win.cc(151)] SuspendThread: Access is denied. (0x5)
[0711/154919.089:ERROR:process_reader_win.cc(151)] SuspendThread: Access is denied. (0x5)
[0711/154919.090:ERROR:process_reader_win.cc(151)] SuspendThread: Access is denied. (0x5)
[0711/154919.090:ERROR:process_reader_win.cc(151)] SuspendThread: Access is denied. (0x5)
[0711/154919.090:ERROR:process_reader_win.cc(151)] SuspendThread: Access is denied. (0x5)
[0711/154919.090:ERROR:process_reader_win.cc(151)] SuspendThread: Access is denied. (0x5)
[0711/154919.090:ERROR:process_reader_win.cc(151)] SuspendThread: Access is denied. (0x5)
[0711/154919.105:ERROR:process_reader_win.cc(123)] NtOpenThread: {Access Denied} A process has requested access to an object, but has not been granted those access rights. (0xc0000022)
[0711/154919.106:ERROR:exception_snapshot_win.cc(98)] thread ID 17064 not found in process
[0711/160229.141:ERROR:process_reader_win.cc(151)] SuspendThread: Access is denied. (0x5)
[0711/160229.147:ERROR:process_reader_win.cc(151)] SuspendThread: Access is denied. (0x5)
[0711/160229.147:ERROR:process_reader_win.cc(151)] SuspendThread: Access is denied. (0x5)
[0711/160229.147:ERROR:process_reader_win.cc(151)] SuspendThread: Access is denied. (0x5)
[0711/160229.147:ERROR:process_reader_win.cc(123)] NtOpenThread: {Access Denied} A process has requested access to an object, but has not been granted those access rights. (0xc0000022)
[0711/160229.150:ERROR:exception_snapshot_win.cc(98)] thread ID 4488 not found in process
[0711/160229.221:ERROR:process_reader_win.cc(151)] SuspendThread: Access is denied. (0x5)
[0711/160229.223:ERROR:process_reader_win.cc(151)] SuspendThread: Access is denied. (0x5)
[0711/160229.224:ERROR:process_reader_win.cc(151)] SuspendThread: Access is denied. (0x5)
[0711/160229.224:ERROR:process_reader_win.cc(151)] SuspendThread: Access is denied. (0x5)
[0711/160229.224:ERROR:process_reader_win.cc(151)] SuspendThread: Access is denied. (0x5)
[0711/160229.225:ERROR:process_reader_win.cc(123)] NtOpenThread: {Access Denied} A process has requested access to an object, but has not been granted those access rights. (0xc0000022)
[0711/160229.237:ERROR:exception_snapshot_win.cc(98)] thread ID 19792 not found in process
[0711/160229.176:ERROR:process_reader_win.cc(151)] SuspendThread: Access is denied. (0x5)
[0711/160229.239:ERROR:process_reader_win.cc(151)] SuspendThread: Access is denied. (0x5)
[0711/160229.239:ERROR:process_reader_win.cc(151)] SuspendThread: Access is denied. (0x5)
[0711/160229.239:ERROR:process_reader_win.cc(151)] SuspendThread: Access is denied. (0x5)
[0711/160229.239:ERROR:process_reader_win.cc(151)] SuspendThread: Access is denied. (0x5)
[0711/160229.239:ERROR:process_reader_win.cc(151)] SuspendThread: Access is denied. (0x5)
[0711/160229.239:ERROR:process_reader_win.cc(123)] NtOpenThread: {Access Denied} A process has requested access to an object, but has not been granted those access rights. (0xc0000022)
[0711/160229.239:ERROR:exception_snapshot_win.cc(98)] thread ID 19680 not found in process
[0711/194811.996:ERROR:process_reader_win.cc(151)] SuspendThread: Access is denied. (0x5)
[0711/194812.015:ERROR:process_reader_win.cc(151)] SuspendThread: Access is denied. (0x5)
[0711/194812.015:ERROR:process_reader_win.cc(151)] SuspendThread: Access is denied. (0x5)
[0711/194812.015:ERROR:process_reader_win.cc(151)] SuspendThread: Access is denied. (0x5)
[0711/194812.015:ERROR:process_reader_win.cc(151)] SuspendThread: Access is denied. (0x5)
[0711/194812.015:ERROR:process_reader_win.cc(151)] SuspendThread: Access is denied. (0x5)
[0711/194812.015:ERROR:process_reader_win.cc(123)] NtOpenThread: {Access Denied} A process has requested access to an object, but has not been granted those access rights. (0xc0000022)
[0711/194812.016:ERROR:exception_snapshot_win.cc(98)] thread ID 21932 not found in process
[0711/194812.320:ERROR:process_reader_win.cc(151)] SuspendThread: Access is denied. (0x5)
[0711/194812.329:ERROR:process_reader_win.cc(151)] SuspendThread: Access is denied. (0x5)
[0711/194812.329:ERROR:process_reader_win.cc(151)] SuspendThread: Access is denied. (0x5)
[0711/194812.329:ERROR:process_reader_win.cc(123)] NtOpenThread: {Access Denied} A process has requested access to an object, but has not been granted those access rights. (0xc0000022)
[0711/194812.330:ERROR:exception_snapshot_win.cc(98)] thread ID 14664 not found in process
[0711/194812.851:ERROR:process_reader_win.cc(151)] SuspendThread: Access is denied. (0x5)
[0711/194812.853:ERROR:process_reader_win.cc(151)] SuspendThread: Access is denied. (0x5)
[0711/194812.853:ERROR:process_reader_win.cc(151)] SuspendThread: Access is denied. (0x5)
[0711/194812.853:ERROR:process_reader_win.cc(151)] SuspendThread: Access is denied. (0x5)
[0711/194812.853:ERROR:process_reader_win.cc(123)] NtOpenThread: {Access Denied} A process has requested access to an object, but has not been granted those access rights. (0xc0000022)
[0711/194812.853:ERROR:exception_snapshot_win.cc(98)] thread ID 11648 not found in process
[0711/194813.234:ERROR:process_reader_win.cc(151)] SuspendThread: Access is denied. (0x5)
[0711/194813.236:ERROR:process_reader_win.cc(151)] SuspendThread: Access is denied. (0x5)
[0711/194813.236:ERROR:process_reader_win.cc(151)] SuspendThread: Access is denied. (0x5)
[0711/194813.236:ERROR:process_reader_win.cc(151)] SuspendThread: Access is denied. (0x5)
[0711/194813.236:ERROR:process_reader_win.cc(151)] SuspendThread: Access is denied. (0x5)
[0711/194813.236:ERROR:process_reader_win.cc(123)] NtOpenThread: {Access Denied} A process has requested access to an object, but has not been granted those access rights. (0xc0000022)
[0711/194813.237:ERROR:exception_snapshot_win.cc(98)] thread ID 80 not found in process
[0711/194813.667:ERROR:process_reader_win.cc(151)] SuspendThread: Access is denied. (0x5)
[0711/194813.670:ERROR:process_reader_win.cc(151)] SuspendThread: Access is denied. (0x5)
[0711/194813.670:ERROR:process_reader_win.cc(151)] SuspendThread: Access is denied. (0x5)
[0711/194813.670:ERROR:process_reader_win.cc(123)] NtOpenThread: {Access Denied} A process has requested access to an object, but has not been granted those access rights. (0xc0000022)
[0711/194813.670:ERROR:exception_snapshot_win.cc(98)] thread ID 17160 not found in process
[0711/194813.988:ERROR:process_reader_win.cc(151)] SuspendThread: Access is denied. (0x5)
[0711/194813.990:ERROR:process_reader_win.cc(151)] SuspendThread: Access is denied. (0x5)
[0711/194813.990:ERROR:process_reader_win.cc(151)] SuspendThread: Access is denied. (0x5)
[0711/194813.990:ERROR:process_reader_win.cc(123)] NtOpenThread: {Access Denied} A process has requested access to an object, but has not been granted those access rights. (0xc0000022)
[0711/194813.992:ERROR:exception_snapshot_win.cc(98)] thread ID 13876 not found in process
[0711/194814.253:ERROR:process_reader_win.cc(151)] SuspendThread: Access is denied. (0x5)
[0711/194814.256:ERROR:process_reader_win.cc(151)] SuspendThread: Access is denied. (0x5)
[0711/194814.256:ERROR:process_reader_win.cc(151)] SuspendThread: Access is denied. (0x5)
[0711/194814.256:ERROR:process_reader_win.cc(123)] NtOpenThread: {Access Denied} A process has requested access to an object, but has not been granted those access rights. (0xc0000022)
[0711/194814.257:ERROR:exception_snapshot_win.cc(98)] thread ID 21120 not found in process
[0711/194814.501:ERROR:process_reader_win.cc(151)] SuspendThread: Access is denied. (0x5)
[0711/194814.503:ERROR:process_reader_win.cc(151)] SuspendThread: Access is denied. (0x5)
[0711/194814.503:ERROR:process_reader_win.cc(151)] SuspendThread: Access is denied. (0x5)
[0711/194814.503:ERROR:process_reader_win.cc(123)] NtOpenThread: {Access Denied} A process has requested access to an object, but has not been granted those access rights. (0xc0000022)
[0711/194814.503:ERROR:exception_snapshot_win.cc(98)] thread ID 3260 not found in process
[0711/194815.055:ERROR:process_reader_win.cc(123)] NtOpenThread: {Access Denied} A process has requested access to an object, but has not been granted those access rights. (0xc0000022)
[0711/194815.058:ERROR:exception_snapshot_win.cc(98)] thread ID 6688 not found in process
[0711/201943.251:ERROR:process_reader_win.cc(151)] SuspendThread: Access is denied. (0x5)
[0711/201943.259:ERROR:process_reader_win.cc(151)] SuspendThread: Access is denied. (0x5)
[0711/201943.274:ERROR:process_reader_win.cc(151)] SuspendThread: Access is denied. (0x5)
[0711/201943.274:ERROR:process_reader_win.cc(151)] SuspendThread: Access is denied. (0x5)
[0711/201943.274:ERROR:process_reader_win.cc(151)] SuspendThread: Access is denied. (0x5)
[0711/201943.274:ERROR:process_reader_win.cc(151)] SuspendThread: Access is denied. (0x5)
[0711/201943.274:ERROR:process_reader_win.cc(151)] SuspendThread: Access is denied. (0x5)
[0711/201943.274:ERROR:process_reader_win.cc(123)] NtOpenThread: {Access Denied} A process has requested access to an object, but has not been granted those access rights. (0xc0000022)
[0711/201943.274:ERROR:process_reader_win.cc(123)] NtOpenThread: {Access Denied} A process has requested access to an object, but has not been granted those access rights. (0xc0000022)
[0711/201943.275:ERROR:exception_snapshot_win.cc(98)] thread ID 12924 not found in process
[0711/201943.276:ERROR:exception_snapshot_win.cc(98)] thread ID 23260 not found in process
[0711/201943.302:ERROR:process_reader_win.cc(151)] SuspendThread: Access is denied. (0x5)
[0711/201943.303:ERROR:process_reader_win.cc(151)] SuspendThread: Access is denied. (0x5)
[0711/201943.303:ERROR:process_reader_win.cc(151)] SuspendThread: Access is denied. (0x5)
[0711/201943.304:ERROR:process_reader_win.cc(151)] SuspendThread: Access is denied. (0x5)
[0711/201943.304:ERROR:process_reader_win.cc(151)] SuspendThread: Access is denied. (0x5)
[0711/201943.304:ERROR:process_reader_win.cc(151)] SuspendThread: Access is denied. (0x5)
[0711/201943.304:ERROR:process_reader_win.cc(151)] SuspendThread: Access is denied. (0x5)
[0711/201943.304:ERROR:process_reader_win.cc(151)] SuspendThread: Access is denied. (0x5)
[0711/201943.304:ERROR:process_reader_win.cc(123)] NtOpenThread: {Access Denied} A process has requested access to an object, but has not been granted those access rights. (0xc0000022)
[0711/201943.304:ERROR:exception_snapshot_win.cc(98)] thread ID 21652 not found in process
[0711/201943.352:ERROR:process_reader_win.cc(151)] SuspendThread: Access is denied. (0x5)
[0711/201943.357:ERROR:process_reader_win.cc(151)] SuspendThread: Access is denied. (0x5)
[0711/201943.357:ERROR:process_reader_win.cc(151)] SuspendThread: Access is denied. (0x5)
[0711/201943.357:ERROR:process_reader_win.cc(151)] SuspendThread: Access is denied. (0x5)
[0711/201943.357:ERROR:process_reader_win.cc(123)] NtOpenThread: {Access Denied} A process has requested access to an object, but has not been granted those access rights. (0xc0000022)
[0711/201943.358:ERROR:exception_snapshot_win.cc(98)] thread ID 8412 not found in process
[0712/013121.544:ERROR:process_reader_win.cc(151)] SuspendThread: Access is denied. (0x5)
[0712/013121.833:ERROR:process_reader_win.cc(151)] SuspendThread: Access is denied. (0x5)
[0712/013121.862:ERROR:process_reader_win.cc(151)] SuspendThread: Access is denied. (0x5)
[0712/013121.863:ERROR:process_reader_win.cc(151)] SuspendThread: Access is denied. (0x5)
[0712/013121.863:ERROR:process_reader_win.cc(151)] SuspendThread: Access is denied. (0x5)
[0712/013121.863:ERROR:process_reader_win.cc(151)] SuspendThread: Access is denied. (0x5)
[0712/013121.863:ERROR:process_reader_win.cc(151)] SuspendThread: Access is denied. (0x5)
[0712/013121.863:ERROR:process_reader_win.cc(151)] SuspendThread: Access is denied. (0x5)
[0712/013121.863:ERROR:process_reader_win.cc(151)] SuspendThread: Access is denied. (0x5)
[0712/013121.863:ERROR:process_reader_win.cc(151)] SuspendThread: Access is denied. (0x5)
[0712/013121.863:ERROR:process_reader_win.cc(151)] SuspendThread: Access is denied. (0x5)
[0712/013121.863:ERROR:process_reader_win.cc(151)] SuspendThread: Access is denied. (0x5)
[0712/013121.863:ERROR:process_reader_win.cc(151)] SuspendThread: Access is denied. (0x5)
[0712/013121.855:ERROR:process_reader_win.cc(151)] SuspendThread: Access is denied. (0x5)
[0712/013121.863:ERROR:process_reader_win.cc(151)] SuspendThread: Access is denied. (0x5)
[0712/013121.863:ERROR:process_reader_win.cc(151)] SuspendThread: Access is denied. (0x5)
[0712/013121.863:ERROR:process_reader_win.cc(151)] SuspendThread: Access is denied. (0x5)
[0712/013121.787:ERROR:process_reader_win.cc(151)] SuspendThread: Access is denied. (0x5)
[0712/013121.864:ERROR:process_reader_win.cc(151)] SuspendThread: Access is denied. (0x5)
[0712/013121.864:ERROR:process_reader_win.cc(151)] SuspendThread: Access is denied. (0x5)
[0712/013121.863:ERROR:process_reader_win.cc(123)] NtOpenThread: {Access Denied} A process has requested access to an object, but has not been granted those access rights. (0xc0000022)
[0712/013121.865:ERROR:process_reader_win.cc(123)] NtOpenThread: {Access Denied} A process has requested access to an object, but has not been granted those access rights. (0xc0000022)
[0712/013121.866:ERROR:exception_snapshot_win.cc(98)] thread ID 15736 not found in process
[0712/013121.866:ERROR:exception_snapshot_win.cc(98)] thread ID 24696 not found in process
[0712/013121.863:ERROR:process_reader_win.cc(123)] NtOpenThread: {Access Denied} A process has requested access to an object, but has not been granted those access rights. (0xc0000022)
[0712/013121.866:ERROR:exception_snapshot_win.cc(98)] thread ID 23216 not found in process
[0712/013121.863:ERROR:process_reader_win.cc(123)] NtOpenThread: {Access Denied} A process has requested access to an object, but has not been granted those access rights. (0xc0000022)
[0712/013121.895:ERROR:exception_snapshot_win.cc(98)] thread ID 19124 not found in process
[0712/013121.913:ERROR:process_reader_win.cc(151)] SuspendThread: Access is denied. (0x5)
[0712/013121.915:ERROR:process_reader_win.cc(151)] SuspendThread: Access is denied. (0x5)
[0712/013121.915:ERROR:process_reader_win.cc(151)] SuspendThread: Access is denied. (0x5)
[0712/013121.915:ERROR:process_reader_win.cc(123)] NtOpenThread: {Access Denied} A process has requested access to an object, but has not been granted those access rights. (0xc0000022)
[0712/013121.915:ERROR:exception_snapshot_win.cc(98)] thread ID 23056 not found in process
[0712/013121.996:ERROR:process_reader_win.cc(151)] SuspendThread: Access is denied. (0x5)
[0712/013121.998:ERROR:process_reader_win.cc(151)] SuspendThread: Access is denied. (0x5)
[0712/013121.998:ERROR:process_reader_win.cc(151)] SuspendThread: Access is denied. (0x5)
[0712/013121.998:ERROR:process_reader_win.cc(151)] SuspendThread: Access is denied. (0x5)
[0712/013121.998:ERROR:process_reader_win.cc(123)] NtOpenThread: {Access Denied} A process has requested access to an object, but has not been granted those access rights. (0xc0000022)
[0712/013121.999:ERROR:exception_snapshot_win.cc(98)] thread ID 20096 not found in process
[0712/013122.010:ERROR:process_reader_win.cc(151)] SuspendThread: Access is denied. (0x5)
[0712/013122.011:ERROR:process_reader_win.cc(151)] SuspendThread: Access is denied. (0x5)
[0712/013122.011:ERROR:process_reader_win.cc(151)] SuspendThread: Access is denied. (0x5)
[0712/013122.011:ERROR:process_reader_win.cc(151)] SuspendThread: Access is denied. (0x5)
[0712/013122.011:ERROR:process_reader_win.cc(151)] SuspendThread: Access is denied. (0x5)
[0712/013122.011:ERROR:process_reader_win.cc(151)] SuspendThread: Access is denied. (0x5)
[0712/013122.011:ERROR:process_reader_win.cc(123)] NtOpenThread: {Access Denied} A process has requested access to an object, but has not been granted those access rights. (0xc0000022)
[0712/013122.012:ERROR:exception_snapshot_win.cc(98)] thread ID 2852 not found in process
[0712/013122.030:ERROR:process_reader_win.cc(151)] SuspendThread: Access is denied. (0x5)
[0712/013122.070:ERROR:process_reader_win.cc(151)] SuspendThread: Access is denied. (0x5)
[0712/013122.070:ERROR:process_reader_win.cc(151)] SuspendThread: Access is denied. (0x5)
[0712/013122.070:ERROR:process_reader_win.cc(151)] SuspendThread: Access is denied. (0x5)
[0712/013122.070:ERROR:process_reader_win.cc(151)] SuspendThread: Access is denied. (0x5)
[0712/013122.070:ERROR:process_reader_win.cc(123)] NtOpenThread: {Access Denied} A process has requested access to an object, but has not been granted those access rights. (0xc0000022)
[0712/013122.071:ERROR:exception_snapshot_win.cc(98)] thread ID 23812 not found in process
[0712/121526.483:ERROR:process_reader_win.cc(151)] SuspendThread: Access is denied. (0x5)
[0712/121526.758:ERROR:process_reader_win.cc(151)] SuspendThread: Access is denied. (0x5)
[0712/121526.759:ERROR:process_reader_win.cc(151)] SuspendThread: Access is denied. (0x5)
[0712/121526.593:ERROR:process_reader_win.cc(151)] SuspendThread: Access is denied. (0x5)
[0712/121526.770:ERROR:process_reader_win.cc(151)] SuspendThread: Access is denied. (0x5)
[0712/121526.770:ERROR:process_reader_win.cc(151)] SuspendThread: Access is denied. (0x5)
[0712/121526.770:ERROR:process_reader_win.cc(151)] SuspendThread: Access is denied. (0x5)
[0712/121526.771:ERROR:process_reader_win.cc(151)] SuspendThread: Access is denied. (0x5)
[0712/121526.771:ERROR:process_reader_win.cc(151)] SuspendThread: Access is denied. (0x5)
[0712/121526.770:ERROR:process_reader_win.cc(151)] SuspendThread: Access is denied. (0x5)
[0712/121526.772:ERROR:process_reader_win.cc(151)] SuspendThread: Access is denied. (0x5)
[0712/121526.772:ERROR:process_reader_win.cc(151)] SuspendThread: Access is denied. (0x5)
[0712/121526.641:ERROR:process_reader_win.cc(151)] SuspendThread: Access is denied. (0x5)
[0712/121526.775:ERROR:process_reader_win.cc(151)] SuspendThread: Access is denied. (0x5)
[0712/121526.775:ERROR:process_reader_win.cc(151)] SuspendThread: Access is denied. (0x5)
[0712/121526.775:ERROR:process_reader_win.cc(151)] SuspendThread: Access is denied. (0x5)
[0712/121526.776:ERROR:process_reader_win.cc(151)] SuspendThread: Access is denied. (0x5)
[0712/121526.772:ERROR:process_reader_win.cc(123)] NtOpenThread: {Access Denied} A process has requested access to an object, but has not been granted those access rights. (0xc0000022)
[0712/121526.771:ERROR:process_reader_win.cc(123)] NtOpenThread: {Access Denied} A process has requested access to an object, but has not been granted those access rights. (0xc0000022)
[0712/121526.816:ERROR:exception_snapshot_win.cc(98)] thread ID 6076 not found in process
[0712/121526.816:ERROR:exception_snapshot_win.cc(98)] thread ID 25376 not found in process
[0712/121526.776:ERROR:process_reader_win.cc(123)] NtOpenThread: {Access Denied} A process has requested access to an object, but has not been granted those access rights. (0xc0000022)
[0712/121526.835:ERROR:exception_snapshot_win.cc(98)] thread ID 6328 not found in process
[0712/121526.905:ERROR:process_reader_win.cc(151)] SuspendThread: Access is denied. (0x5)
[0712/121526.907:ERROR:process_reader_win.cc(151)] SuspendThread: Access is denied. (0x5)
[0712/121526.908:ERROR:process_reader_win.cc(151)] SuspendThread: Access is denied. (0x5)
[0712/121526.908:ERROR:process_reader_win.cc(151)] SuspendThread: Access is denied. (0x5)
[0712/121526.908:ERROR:process_reader_win.cc(151)] SuspendThread: Access is denied. (0x5)
[0712/121526.908:ERROR:process_reader_win.cc(151)] SuspendThread: Access is denied. (0x5)
[0712/121526.908:ERROR:process_reader_win.cc(123)] NtOpenThread: {Access Denied} A process has requested access to an object, but has not been granted those access rights. (0xc0000022)
[0712/121526.909:ERROR:exception_snapshot_win.cc(98)] thread ID 24480 not found in process
[0712/121527.338:ERROR:process_reader_win.cc(151)] SuspendThread: Access is denied. (0x5)
[0712/121527.339:ERROR:process_reader_win.cc(151)] SuspendThread: Access is denied. (0x5)
[0712/121527.340:ERROR:process_reader_win.cc(151)] SuspendThread: Access is denied. (0x5)
[0712/121527.340:ERROR:process_reader_win.cc(151)] SuspendThread: Access is denied. (0x5)
[0712/121527.340:ERROR:process_reader_win.cc(123)] NtOpenThread: {Access Denied} A process has requested access to an object, but has not been granted those access rights. (0xc0000022)
[0712/121527.340:ERROR:exception_snapshot_win.cc(98)] thread ID 20580 not found in process
[0712/121527.719:ERROR:process_reader_win.cc(151)] SuspendThread: Access is denied. (0x5)
[0712/121527.735:ERROR:process_reader_win.cc(151)] SuspendThread: Access is denied. (0x5)
[0712/121527.735:ERROR:process_reader_win.cc(151)] SuspendThread: Access is denied. (0x5)
[0712/121527.735:ERROR:process_reader_win.cc(123)] NtOpenThread: {Access Denied} A process has requested access to an object, but has not been granted those access rights. (0xc0000022)
[0712/121527.737:ERROR:exception_snapshot_win.cc(98)] thread ID 22056 not found in process
[0712/121527.839:ERROR:process_reader_win.cc(151)] SuspendThread: Access is denied. (0x5)
[0712/121527.840:ERROR:process_reader_win.cc(151)] SuspendThread: Access is denied. (0x5)
[0712/121527.840:ERROR:process_reader_win.cc(151)] SuspendThread: Access is denied. (0x5)
[0712/121527.840:ERROR:process_reader_win.cc(151)] SuspendThread: Access is denied. (0x5)
[0712/121527.840:ERROR:process_reader_win.cc(151)] SuspendThread: Access is denied. (0x5)
[0712/121527.840:ERROR:process_reader_win.cc(123)] NtOpenThread: {Access Denied} A process has requested access to an object, but has not been granted those access rights. (0xc0000022)
[0712/121527.841:ERROR:exception_snapshot_win.cc(98)] thread ID 22452 not found in process
[0712/134202.888:ERROR:process_reader_win.cc(151)] SuspendThread: Access is denied. (0x5)
[0712/134202.898:ERROR:process_reader_win.cc(151)] SuspendThread: Access is denied. (0x5)
[0712/134202.898:ERROR:process_reader_win.cc(151)] SuspendThread: Access is denied. (0x5)
[0712/134202.898:ERROR:process_reader_win.cc(151)] SuspendThread: Access is denied. (0x5)
[0712/134202.898:ERROR:process_reader_win.cc(123)] NtOpenThread: {Access Denied} A process has requested access to an object, but has not been granted those access rights. (0xc0000022)
[0712/134202.903:ERROR:exception_snapshot_win.cc(98)] thread ID 13268 not found in process
[0712/134202.924:ERROR:process_reader_win.cc(151)] SuspendThread: Access is denied. (0x5)
[0712/134202.926:ERROR:process_reader_win.cc(151)] SuspendThread: Access is denied. (0x5)
[0712/134202.926:ERROR:process_reader_win.cc(151)] SuspendThread: Access is denied. (0x5)
[0712/134202.926:ERROR:process_reader_win.cc(151)] SuspendThread: Access is denied. (0x5)
[0712/134202.926:ERROR:process_reader_win.cc(123)] NtOpenThread: {Access Denied} A process has requested access to an object, but has not been granted those access rights. (0xc0000022)
[0712/134202.926:ERROR:exception_snapshot_win.cc(98)] thread ID 23976 not found in process
[0712/134202.962:ERROR:process_reader_win.cc(151)] SuspendThread: Access is denied. (0x5)
[0712/134202.966:ERROR:process_reader_win.cc(151)] SuspendThread: Access is denied. (0x5)
[0712/134202.966:ERROR:process_reader_win.cc(151)] SuspendThread: Access is denied. (0x5)
[0712/134202.966:ERROR:process_reader_win.cc(151)] SuspendThread: Access is denied. (0x5)
[0712/134202.966:ERROR:process_reader_win.cc(123)] NtOpenThread: {Access Denied} A process has requested access to an object, but has not been granted those access rights. (0xc0000022)
[0712/134202.967:ERROR:exception_snapshot_win.cc(98)] thread ID 9552 not found in process
[0712/134202.943:ERROR:process_reader_win.cc(151)] SuspendThread: Access is denied. (0x5)
[0712/134203.001:ERROR:process_reader_win.cc(151)] SuspendThread: Access is denied. (0x5)
[0712/134203.001:ERROR:process_reader_win.cc(151)] SuspendThread: Access is denied. (0x5)
[0712/134203.001:ERROR:process_reader_win.cc(151)] SuspendThread: Access is denied. (0x5)
[0712/134203.001:ERROR:process_reader_win.cc(123)] NtOpenThread: {Access Denied} A process has requested access to an object, but has not been granted those access rights. (0xc0000022)
[0712/134203.001:ERROR:exception_snapshot_win.cc(98)] thread ID 3664 not found in process
[0712/134202.963:ERROR:process_reader_win.cc(151)] SuspendThread: Access is denied. (0x5)
[0712/134203.033:ERROR:process_reader_win.cc(151)] SuspendThread: Access is denied. (0x5)
[0712/134203.033:ERROR:process_reader_win.cc(151)] SuspendThread: Access is denied. (0x5)
[0712/134203.033:ERROR:process_reader_win.cc(151)] SuspendThread: Access is denied. (0x5)
[0712/134203.033:ERROR:process_reader_win.cc(123)] NtOpenThread: {Access Denied} A process has requested access to an object, but has not been granted those access rights. (0xc0000022)
[0712/134203.034:ERROR:exception_snapshot_win.cc(98)] thread ID 24728 not found in process
[0712/134203.063:ERROR:process_reader_win.cc(151)] SuspendThread: Access is denied. (0x5)
[0712/134203.067:ERROR:process_reader_win.cc(151)] SuspendThread: Access is denied. (0x5)
[0712/134203.068:ERROR:process_reader_win.cc(151)] SuspendThread: Access is denied. (0x5)
[0712/134203.068:ERROR:process_reader_win.cc(151)] SuspendThread: Access is denied. (0x5)
[0712/134203.068:ERROR:process_reader_win.cc(123)] NtOpenThread: {Access Denied} A process has requested access to an object, but has not been granted those access rights. (0xc0000022)
[0712/134203.068:ERROR:exception_snapshot_win.cc(98)] thread ID 16756 not found in process
[0713/182236.874:ERROR:file_io_win.cc(170)] CreateFile C:\Users\AIARAB~1\AppData\Local\Temp\scoped_dir21520_3757\Crashpad\reports\2f9eab16-4a6e-4709-820a-7b1b3d1ef5df.dmp: The system cannot find the path specified. (0x3)
[0713/182238.514:ERROR:crash_report_exception_handler.cc(97)] PrepareNewCrashReport failed
[0713/205801.719:ERROR:process_reader_win.cc(151)] SuspendThread: Access is denied. (0x5)
[0713/205801.722:ERROR:process_reader_win.cc(151)] SuspendThread: Access is denied. (0x5)
[0713/205801.722:ERROR:process_reader_win.cc(151)] SuspendThread: Access is denied. (0x5)
[0713/205801.722:ERROR:process_reader_win.cc(151)] SuspendThread: Access is denied. (0x5)
[0713/205801.722:ERROR:process_reader_win.cc(123)] NtOpenThread: {Access Denied} A process has requested access to an object, but has not been granted those access rights. (0xc0000022)
[0713/205801.736:ERROR:exception_snapshot_win.cc(98)] thread ID 20980 not found in process
[0714/005841.184:ERROR:process_reader_win.cc(151)] SuspendThread: Access is denied. (0x5)
[0714/005841.187:ERROR:process_reader_win.cc(151)] SuspendThread: Access is denied. (0x5)
[0714/005841.187:ERROR:process_reader_win.cc(151)] SuspendThread: Access is denied. (0x5)
[0714/005841.187:ERROR:process_reader_win.cc(151)] SuspendThread: Access is denied. (0x5)
[0714/005841.187:ERROR:process_reader_win.cc(123)] NtOpenThread: {Access Denied} A process has requested access to an object, but has not been granted those access rights. (0xc0000022)
[0714/005841.189:ERROR:exception_snapshot_win.cc(98)] thread ID 27708 not found in process
[0714/005841.261:ERROR:process_reader_win.cc(151)] SuspendThread: Access is denied. (0x5)
[0714/005841.264:ERROR:process_reader_win.cc(151)] SuspendThread: Access is denied. (0x5)
[0714/005841.264:ERROR:process_reader_win.cc(151)] SuspendThread: Access is denied. (0x5)
[0714/005841.264:ERROR:process_reader_win.cc(123)] NtOpenThread: {Access Denied} A process has requested access to an object, but has not been granted those access rights. (0xc0000022)
[0714/005841.264:ERROR:exception_snapshot_win.cc(98)] thread ID 19384 not found in process
[0714/005841.240:ERROR:process_reader_win.cc(151)] SuspendThread: Access is denied. (0x5)
[0714/005841.273:ERROR:process_reader_win.cc(151)] SuspendThread: Access is denied. (0x5)
[0714/005841.273:ERROR:process_reader_win.cc(151)] SuspendThread: Access is denied. (0x5)
[0714/005841.273:ERROR:process_reader_win.cc(151)] SuspendThread: Access is denied. (0x5)
[0714/005841.273:ERROR:process_reader_win.cc(123)] NtOpenThread: {Access Denied} A process has requested access to an object, but has not been granted those access rights. (0xc0000022)
[0714/005841.273:ERROR:exception_snapshot_win.cc(98)] thread ID 5568 not found in process
[0714/011711.532:ERROR:process_reader_win.cc(151)] SuspendThread: Access is denied. (0x5)
[0714/011711.586:ERROR:process_reader_win.cc(151)] SuspendThread: Access is denied. (0x5)
[0714/011711.586:ERROR:process_reader_win.cc(151)] SuspendThread: Access is denied. (0x5)
[0714/011711.586:ERROR:process_reader_win.cc(151)] SuspendThread: Access is denied. (0x5)
[0714/011711.586:ERROR:process_reader_win.cc(123)] NtOpenThread: {Access Denied} A process has requested access to an object, but has not been granted those access rights. (0xc0000022)
[0714/011711.590:ERROR:exception_snapshot_win.cc(98)] thread ID 24972 not found in process
[0714/011711.601:ERROR:process_reader_win.cc(151)] SuspendThread: Access is denied. (0x5)
[0714/011711.642:ERROR:process_reader_win.cc(151)] SuspendThread: Access is denied. (0x5)
[0714/011711.642:ERROR:process_reader_win.cc(151)] SuspendThread: Access is denied. (0x5)
[0714/011711.642:ERROR:process_reader_win.cc(123)] NtOpenThread: {Access Denied} A process has requested access to an object, but has not been granted those access rights. (0xc0000022)
[0714/011711.643:ERROR:exception_snapshot_win.cc(98)] thread ID 25140 not found in process
[0714/011711.549:ERROR:process_reader_win.cc(151)] SuspendThread: Access is denied. (0x5)
[0714/011711.653:ERROR:process_reader_win.cc(151)] SuspendThread: Access is denied. (0x5)
[0714/011711.653:ERROR:process_reader_win.cc(151)] SuspendThread: Access is denied. (0x5)
[0714/011711.653:ERROR:process_reader_win.cc(123)] NtOpenThread: {Access Denied} A process has requested access to an object, but has not been granted those access rights. (0xc0000022)
[0714/011711.654:ERROR:exception_snapshot_win.cc(98)] thread ID 16184 not found in process
[0714/011842.620:ERROR:process_reader_win.cc(151)] SuspendThread: Access is denied. (0x5)
[0714/011842.622:ERROR:process_reader_win.cc(151)] SuspendThread: Access is denied. (0x5)
[0714/011842.622:ERROR:process_reader_win.cc(151)] SuspendThread: Access is denied. (0x5)
[0714/011842.622:ERROR:process_reader_win.cc(151)] SuspendThread: Access is denied. (0x5)
[0714/011842.622:ERROR:process_reader_win.cc(151)] SuspendThread: Access is denied. (0x5)
[0714/011842.622:ERROR:process_reader_win.cc(151)] SuspendThread: Access is denied. (0x5)
[0714/011842.622:ERROR:process_reader_win.cc(151)] SuspendThread: Access is denied. (0x5)
[0714/011842.622:ERROR:process_reader_win.cc(123)] NtOpenThread: {Access Denied} A process has requested access to an object, but has not been granted those access rights. (0xc0000022)
[0714/011842.661:ERROR:exception_snapshot_win.cc(98)] thread ID 7872 not found in process
[0714/020057.958:ERROR:process_reader_win.cc(151)] SuspendThread: Access is denied. (0x5)
[0714/020058.005:ERROR:process_reader_win.cc(151)] SuspendThread: Access is denied. (0x5)
[0714/020058.005:ERROR:process_reader_win.cc(151)] SuspendThread: Access is denied. (0x5)
[0714/020058.005:ERROR:process_reader_win.cc(151)] SuspendThread: Access is denied. (0x5)
[0714/020058.005:ERROR:process_reader_win.cc(123)] NtOpenThread: {Access Denied} A process has requested access to an object, but has not been granted those access rights. (0xc0000022)
[0714/020058.006:ERROR:exception_snapshot_win.cc(98)] thread ID 11312 not found in process
[0714/020058.018:ERROR:process_reader_win.cc(151)] SuspendThread: Access is denied. (0x5)
[0714/020058.028:ERROR:process_reader_win.cc(151)] SuspendThread: Access is denied. (0x5)
[0714/020058.028:ERROR:process_reader_win.cc(123)] NtOpenThread: {Access Denied} A process has requested access to an object, but has not been granted those access rights. (0xc0000022)
[0714/020058.030:ERROR:exception_snapshot_win.cc(98)] thread ID 7388 not found in process
[0714/020058.050:ERROR:process_reader_win.cc(151)] SuspendThread: Access is denied. (0x5)
[0714/020058.052:ERROR:process_reader_win.cc(151)] SuspendThread: Access is denied. (0x5)
[0714/020058.052:ERROR:process_reader_win.cc(151)] SuspendThread: Access is denied. (0x5)
[0714/020058.053:ERROR:process_reader_win.cc(151)] SuspendThread: Access is denied. (0x5)
[0714/020058.053:ERROR:process_reader_win.cc(151)] SuspendThread: Access is denied. (0x5)
[0714/020058.053:ERROR:process_reader_win.cc(151)] SuspendThread: Access is denied. (0x5)
[0714/020058.054:ERROR:process_reader_win.cc(123)] NtOpenThread: {Access Denied} A process has requested access to an object, but has not been granted those access rights. (0xc0000022)
[0714/020058.055:ERROR:exception_snapshot_win.cc(98)] thread ID 25112 not found in process
[0714/020058.352:ERROR:process_reader_win.cc(151)] SuspendThread: Access is denied. (0x5)
[0714/020058.354:ERROR:process_reader_win.cc(151)] SuspendThread: Access is denied. (0x5)
[0714/020058.354:ERROR:process_reader_win.cc(151)] SuspendThread: Access is denied. (0x5)
[0714/020058.354:ERROR:process_reader_win.cc(151)] SuspendThread: Access is denied. (0x5)
[0714/020058.354:ERROR:process_reader_win.cc(123)] NtOpenThread: {Access Denied} A process has requested access to an object, but has not been granted those access rights. (0xc0000022)
[0714/020058.355:ERROR:exception_snapshot_win.cc(98)] thread ID 26512 not found in process
[0714/095015.732:ERROR:process_reader_win.cc(151)] SuspendThread: Access is denied. (0x5)
[0714/095015.739:ERROR:process_reader_win.cc(151)] SuspendThread: Access is denied. (0x5)
[0714/095015.739:ERROR:process_reader_win.cc(151)] SuspendThread: Access is denied. (0x5)
[0714/095015.739:ERROR:process_reader_win.cc(151)] SuspendThread: Access is denied. (0x5)
[0714/095015.740:ERROR:process_reader_win.cc(123)] NtOpenThread: {Access Denied} A process has requested access to an object, but has not been granted those access rights. (0xc0000022)
[0714/095015.742:ERROR:exception_snapshot_win.cc(98)] thread ID 7764 not found in process
[0714/095015.738:ERROR:process_reader_win.cc(151)] SuspendThread: Access is denied. (0x5)
[0714/095015.742:ERROR:process_reader_win.cc(151)] SuspendThread: Access is denied. (0x5)
[0714/095015.742:ERROR:process_reader_win.cc(151)] SuspendThread: Access is denied. (0x5)
[0714/095015.742:ERROR:process_reader_win.cc(151)] SuspendThread: Access is denied. (0x5)
[0714/095015.742:ERROR:process_reader_win.cc(123)] NtOpenThread: {Access Denied} A process has requested access to an object, but has not been granted those access rights. (0xc0000022)
[0714/095015.746:ERROR:exception_snapshot_win.cc(98)] thread ID 3036 not found in process
[0714/095015.785:ERROR:process_reader_win.cc(151)] SuspendThread: Access is denied. (0x5)
[0714/095015.788:ERROR:process_reader_win.cc(151)] SuspendThread: Access is denied. (0x5)
[0714/095015.788:ERROR:process_reader_win.cc(151)] SuspendThread: Access is denied. (0x5)
[0714/095015.788:ERROR:process_reader_win.cc(123)] NtOpenThread: {Access Denied} A process has requested access to an object, but has not been granted those access rights. (0xc0000022)
[0714/095015.789:ERROR:exception_snapshot_win.cc(98)] thread ID 30636 not found in process
[0714/095015.815:ERROR:process_reader_win.cc(151)] SuspendThread: Access is denied. (0x5)
[0714/095015.818:ERROR:process_reader_win.cc(151)] SuspendThread: Access is denied. (0x5)
[0714/095015.818:ERROR:process_reader_win.cc(151)] SuspendThread: Access is denied. (0x5)
[0714/095015.818:ERROR:process_reader_win.cc(151)] SuspendThread: Access is denied. (0x5)
[0714/095015.818:ERROR:process_reader_win.cc(123)] NtOpenThread: {Access Denied} A process has requested access to an object, but has not been granted those access rights. (0xc0000022)
[0714/095015.819:ERROR:exception_snapshot_win.cc(98)] thread ID 30068 not found in process
[0714/144028.812:ERROR:process_reader_win.cc(151)] SuspendThread: Access is denied. (0x5)
[0714/144028.819:ERROR:process_reader_win.cc(151)] SuspendThread: Access is denied. (0x5)
[0714/144028.819:ERROR:process_reader_win.cc(151)] SuspendThread: Access is denied. (0x5)
[0714/144028.820:ERROR:process_reader_win.cc(151)] SuspendThread: Access is denied. (0x5)
[0714/144028.820:ERROR:process_reader_win.cc(151)] SuspendThread: Access is denied. (0x5)
[0714/144028.820:ERROR:process_reader_win.cc(123)] NtOpenThread: {Access Denied} A process has requested access to an object, but has not been granted those access rights. (0xc0000022)
[0714/144028.826:ERROR:exception_snapshot_win.cc(98)] thread ID 27212 not found in process
[0714/144028.820:ERROR:process_reader_win.cc(151)] SuspendThread: Access is denied. (0x5)
[0714/144028.852:ERROR:process_reader_win.cc(151)] SuspendThread: Access is denied. (0x5)
[0714/144028.852:ERROR:process_reader_win.cc(151)] SuspendThread: Access is denied. (0x5)
[0714/144028.852:ERROR:process_reader_win.cc(123)] NtOpenThread: {Access Denied} A process has requested access to an object, but has not been granted those access rights. (0xc0000022)
[0714/144028.853:ERROR:exception_snapshot_win.cc(98)] thread ID 4628 not found in process
[0714/144028.867:ERROR:process_reader_win.cc(151)] SuspendThread: Access is denied. (0x5)
[0714/144028.869:ERROR:process_reader_win.cc(151)] SuspendThread: Access is denied. (0x5)
[0714/144028.869:ERROR:process_reader_win.cc(151)] SuspendThread: Access is denied. (0x5)
[0714/144028.869:ERROR:process_reader_win.cc(151)] SuspendThread: Access is denied. (0x5)
[0714/144028.869:ERROR:process_reader_win.cc(123)] NtOpenThread: {Access Denied} A process has requested access to an object, but has not been granted those access rights. (0xc0000022)
[0714/144028.871:ERROR:exception_snapshot_win.cc(98)] thread ID 28360 not found in process
[0714/144028.874:ERROR:process_reader_win.cc(151)] SuspendThread: Access is denied. (0x5)
[0714/144028.936:ERROR:process_reader_win.cc(151)] SuspendThread: Access is denied. (0x5)
[0714/144028.936:ERROR:process_reader_win.cc(151)] SuspendThread: Access is denied. (0x5)
[0714/144028.936:ERROR:process_reader_win.cc(151)] SuspendThread: Access is denied. (0x5)
[0714/144028.936:ERROR:process_reader_win.cc(123)] NtOpenThread: {Access Denied} A process has requested access to an object, but has not been granted those access rights. (0xc0000022)
[0714/144028.937:ERROR:exception_snapshot_win.cc(98)] thread ID 20936 not found in process
[0714/151820.084:ERROR:process_reader_win.cc(151)] SuspendThread: Access is denied. (0x5)
[0714/151820.485:ERROR:process_reader_win.cc(151)] SuspendThread: Access is denied. (0x5)
[0714/151820.283:ERROR:process_reader_win.cc(151)] SuspendThread: Access is denied. (0x5)
[0714/151820.485:ERROR:process_reader_win.cc(151)] SuspendThread: Access is denied. (0x5)
[0714/151820.485:ERROR:process_reader_win.cc(151)] SuspendThread: Access is denied. (0x5)
[0714/151820.485:ERROR:process_reader_win.cc(151)] SuspendThread: Access is denied. (0x5)
[0714/151820.485:ERROR:process_reader_win.cc(151)] SuspendThread: Access is denied. (0x5)
[0714/151820.485:ERROR:process_reader_win.cc(151)] SuspendThread: Access is denied. (0x5)
[0714/151820.485:ERROR:process_reader_win.cc(123)] NtOpenThread: {Access Denied} A process has requested access to an object, but has not been granted those access rights. (0xc0000022)
[0714/151820.536:ERROR:exception_snapshot_win.cc(98)] thread ID 24136 not found in process
[0714/151820.485:ERROR:process_reader_win.cc(123)] NtOpenThread: {Access Denied} A process has requested access to an object, but has not been granted those access rights. (0xc0000022)
[0714/151820.616:ERROR:exception_snapshot_win.cc(98)] thread ID 5948 not found in process
[0714/151820.811:ERROR:process_reader_win.cc(151)] SuspendThread: Access is denied. (0x5)
[0714/151820.851:ERROR:process_reader_win.cc(151)] SuspendThread: Access is denied. (0x5)
[0714/151820.851:ERROR:process_reader_win.cc(123)] NtOpenThread: {Access Denied} A process has requested access to an object, but has not been granted those access rights. (0xc0000022)
[0714/151820.855:ERROR:exception_snapshot_win.cc(98)] thread ID 9516 not found in process
[0714/151820.898:ERROR:process_reader_win.cc(123)] NtOpenThread: {Access Denied} A process has requested access to an object, but has not been granted those access rights. (0xc0000022)
[0714/151820.900:ERROR:exception_snapshot_win.cc(98)] thread ID 22936 not found in process
[0714/151820.904:ERROR:process_reader_win.cc(151)] SuspendThread: Access is denied. (0x5)
[0714/151820.905:ERROR:process_reader_win.cc(151)] SuspendThread: Access is denied. (0x5)
[0714/151820.905:ERROR:process_reader_win.cc(151)] SuspendThread: Access is denied. (0x5)
[0714/151820.905:ERROR:process_reader_win.cc(123)] NtOpenThread: {Access Denied} A process has requested access to an object, but has not been granted those access rights. (0xc0000022)
[0714/151820.906:ERROR:exception_snapshot_win.cc(98)] thread ID 32440 not found in process
[0714/151821.085:ERROR:process_reader_win.cc(151)] SuspendThread: Access is denied. (0x5)
[0714/151821.087:ERROR:process_reader_win.cc(151)] SuspendThread: Access is denied. (0x5)
[0714/151821.087:ERROR:process_reader_win.cc(123)] NtOpenThread: {Access Denied} A process has requested access to an object, but has not been granted those access rights. (0xc0000022)
[0714/151821.087:ERROR:exception_snapshot_win.cc(98)] thread ID 11376 not found in process
[0714/154234.330:ERROR:process_reader_win.cc(151)] SuspendThread: Access is denied. (0x5)
[0714/154234.422:ERROR:process_reader_win.cc(151)] SuspendThread: Access is denied. (0x5)
[0714/154234.422:ERROR:process_reader_win.cc(151)] SuspendThread: Access is denied. (0x5)
[0714/154234.422:ERROR:process_reader_win.cc(151)] SuspendThread: Access is denied. (0x5)
[0714/154234.422:ERROR:process_reader_win.cc(151)] SuspendThread: Access is denied. (0x5)
[0714/154234.422:ERROR:process_reader_win.cc(151)] SuspendThread: Access is denied. (0x5)
[0714/154234.422:ERROR:process_reader_win.cc(151)] SuspendThread: Access is denied. (0x5)
[0714/154234.422:ERROR:process_reader_win.cc(151)] SuspendThread: Access is denied. (0x5)
[0714/154234.423:ERROR:process_reader_win.cc(123)] NtOpenThread: {Access Denied} A process has requested access to an object, but has not been granted those access rights. (0xc0000022)
[0714/154234.421:ERROR:process_reader_win.cc(151)] SuspendThread: Access is denied. (0x5)
[0714/154234.423:ERROR:exception_snapshot_win.cc(98)] thread ID 6292 not found in process
[0714/154234.423:ERROR:process_reader_win.cc(151)] SuspendThread: Access is denied. (0x5)
[0714/154234.424:ERROR:process_reader_win.cc(151)] SuspendThread: Access is denied. (0x5)
[0714/154234.424:ERROR:process_reader_win.cc(151)] SuspendThread: Access is denied. (0x5)
[0714/154234.424:ERROR:process_reader_win.cc(123)] NtOpenThread: {Access Denied} A process has requested access to an object, but has not been granted those access rights. (0xc0000022)
[0714/154234.424:ERROR:exception_snapshot_win.cc(98)] thread ID 19124 not found in process
[0714/154234.426:ERROR:process_reader_win.cc(151)] SuspendThread: Access is denied. (0x5)
[0714/154234.428:ERROR:process_reader_win.cc(151)] SuspendThread: Access is denied. (0x5)
[0714/154234.428:ERROR:process_reader_win.cc(151)] SuspendThread: Access is denied. (0x5)
[0714/154234.428:ERROR:process_reader_win.cc(151)] SuspendThread: Access is denied. (0x5)
[0714/154234.428:ERROR:process_reader_win.cc(151)] SuspendThread: Access is denied. (0x5)
[0714/154234.428:ERROR:process_reader_win.cc(151)] SuspendThread: Access is denied. (0x5)
[0714/154234.429:ERROR:process_reader_win.cc(151)] SuspendThread: Access is denied. (0x5)
[0714/154234.429:ERROR:process_reader_win.cc(123)] NtOpenThread: {Access Denied} A process has requested access to an object, but has not been granted those access rights. (0xc0000022)
[0714/154234.429:ERROR:exception_snapshot_win.cc(98)] thread ID 26196 not found in process
[0714/154234.402:ERROR:process_reader_win.cc(151)] SuspendThread: Access is denied. (0x5)
[0714/154234.450:ERROR:process_reader_win.cc(151)] SuspendThread: Access is denied. (0x5)
[0714/154234.450:ERROR:process_reader_win.cc(151)] SuspendThread: Access is denied. (0x5)
[0714/154234.450:ERROR:process_reader_win.cc(151)] SuspendThread: Access is denied. (0x5)
[0714/154234.450:ERROR:process_reader_win.cc(151)] SuspendThread: Access is denied. (0x5)
[0714/154234.450:ERROR:process_reader_win.cc(123)] NtOpenThread: {Access Denied} A process has requested access to an object, but has not been granted those access rights. (0xc0000022)
[0714/154234.450:ERROR:exception_snapshot_win.cc(98)] thread ID 29536 not found in process
[0714/154234.488:ERROR:process_reader_win.cc(151)] SuspendThread: Access is denied. (0x5)
[0714/154234.489:ERROR:process_reader_win.cc(151)] SuspendThread: Access is denied. (0x5)
[0714/154234.489:ERROR:process_reader_win.cc(151)] SuspendThread: Access is denied. (0x5)
[0714/154234.489:ERROR:process_reader_win.cc(151)] SuspendThread: Access is denied. (0x5)
[0714/154234.489:ERROR:process_reader_win.cc(151)] SuspendThread: Access is denied. (0x5)
[0714/154234.489:ERROR:process_reader_win.cc(151)] SuspendThread: Access is denied. (0x5)
[0714/154234.489:ERROR:process_reader_win.cc(123)] NtOpenThread: {Access Denied} A process has requested access to an object, but has not been granted those access rights. (0xc0000022)
[0714/154234.490:ERROR:exception_snapshot_win.cc(98)] thread ID 22600 not found in process
[0714/154234.533:ERROR:process_reader_win.cc(151)] SuspendThread: Access is denied. (0x5)
[0714/154234.536:ERROR:process_reader_win.cc(151)] SuspendThread: Access is denied. (0x5)
[0714/154234.536:ERROR:process_reader_win.cc(151)] SuspendThread: Access is denied. (0x5)
[0714/154234.536:ERROR:process_reader_win.cc(151)] SuspendThread: Access is denied. (0x5)
[0714/154234.536:ERROR:process_reader_win.cc(151)] SuspendThread: Access is denied. (0x5)
[0714/154234.536:ERROR:process_reader_win.cc(123)] NtOpenThread: {Access Denied} A process has requested access to an object, but has not been granted those access rights. (0xc0000022)
[0714/154234.537:ERROR:exception_snapshot_win.cc(98)] thread ID 15988 not found in process
[0714/154234.501:ERROR:process_reader_win.cc(151)] SuspendThread: Access is denied. (0x5)
[0714/154234.544:ERROR:process_reader_win.cc(151)] SuspendThread: Access is denied. (0x5)
[0714/154234.544:ERROR:process_reader_win.cc(151)] SuspendThread: Access is denied. (0x5)
[0714/154234.544:ERROR:process_reader_win.cc(151)] SuspendThread: Access is denied. (0x5)
[0714/154234.544:ERROR:process_reader_win.cc(151)] SuspendThread: Access is denied. (0x5)
[0714/154234.544:ERROR:process_reader_win.cc(123)] NtOpenThread: {Access Denied} A process has requested access to an object, but has not been granted those access rights. (0xc0000022)
[0714/154234.545:ERROR:exception_snapshot_win.cc(98)] thread ID 28324 not found in process
[0715/112040.371:ERROR:process_reader_win.cc(151)] SuspendThread: Access is denied. (0x5)
[0715/112040.380:ERROR:process_reader_win.cc(151)] SuspendThread: Access is denied. (0x5)
[0715/112040.381:ERROR:process_reader_win.cc(151)] SuspendThread: Access is denied. (0x5)
[0715/112040.381:ERROR:process_reader_win.cc(123)] NtOpenThread: {Access Denied} A process has requested access to an object, but has not been granted those access rights. (0xc0000022)
[0715/112040.383:ERROR:exception_snapshot_win.cc(98)] thread ID 19344 not found in process
